<?xml version="1.0" encoding="UTF-8"?>
<!-- Generated by org.testng.reporters.JUnitReportReporter -->
<testsuite skipped="0" hostname="Shashi-Kumar" name="basic.TestNgA" tests="1" failures="0" timestamp="22 Jan 2021 19:14:27 GMT" time="0.016" errors="0">
  <testcase name="testName" time="0.016" classname="basic.TestNgA"/>
</testsuite> <!-- basic.TestNgA -->
