<?xml version="1.0" encoding="UTF-8"?>
<!-- Generated by org.testng.reporters.JUnitReportReporter -->
<testsuite skipped="0" hostname="Shashi-Kumar" name="basic.Demo_DataProvider" tests="2" failures="0" timestamp="27 Jan 2021 07:14:38 GMT" time="0.021" errors="0">
  <testcase name="CreateUser" time="0.016" classname="basic.Demo_DataProvider"/>
  <testcase name="CreateUser" time="0.005" classname="basic.Demo_DataProvider"/>
</testsuite> <!-- basic.Demo_DataProvider -->
